mode: atomic
github.com/avila-r/ego/box/box.go:14.26,16.2 1 42
github.com/avila-r/ego/box/box.go:19.48,20.15 1 3
github.com/avila-r/ego/box/box.go:20.15,22.3 1 1
github.com/avila-r/ego/box/box.go:23.2,23.21 1 2
github.com/avila-r/ego/box/box.go:27.38,31.2 3 3
github.com/avila-r/ego/box/box.go:34.45,35.19 1 3
github.com/avila-r/ego/box/box.go:35.19,37.3 1 2
github.com/avila-r/ego/box/box.go:38.2,38.10 1 3
github.com/avila-r/ego/box/box.go:42.47,43.15 1 25
github.com/avila-r/ego/box/box.go:43.15,46.3 2 22
github.com/avila-r/ego/box/box.go:47.2,47.10 1 25
github.com/avila-r/ego/box/box.go:51.56,56.2 4 2
github.com/avila-r/ego/box/box.go:59.53,60.19 1 2
github.com/avila-r/ego/box/box.go:60.19,62.3 1 1
github.com/avila-r/ego/box/box.go:63.2,63.10 1 2
github.com/avila-r/ego/box/box.go:67.55,68.42 1 5
github.com/avila-r/ego/box/box.go:68.42,70.3 1 2
github.com/avila-r/ego/box/box.go:71.2,71.19 1 3
github.com/avila-r/ego/box/box.go:75.55,76.19 1 2
github.com/avila-r/ego/box/box.go:76.19,78.3 1 1
github.com/avila-r/ego/box/box.go:79.2,79.19 1 1
github.com/avila-r/ego/box/box.go:83.64,84.19 1 3
github.com/avila-r/ego/box/box.go:84.19,86.3 1 2
github.com/avila-r/ego/box/box.go:87.2,87.19 1 1
github.com/avila-r/ego/box/box.go:91.35,95.2 3 2
github.com/avila-r/ego/box/box.go:98.31,99.19 1 3
github.com/avila-r/ego/box/box.go:99.19,101.3 1 2
github.com/avila-r/ego/box/box.go:102.2,102.19 1 1
github.com/avila-r/ego/box/box.go:106.34,108.2 1 35
github.com/avila-r/ego/box/box.go:111.32,113.2 1 20
github.com/avila-r/ego/box/box.go:116.31,119.2 2 4
github.com/avila-r/ego/box/box.go:122.28,125.2 2 2
github.com/avila-r/ego/box/box.go:128.43,129.19 1 2
github.com/avila-r/ego/box/box.go:129.19,131.3 1 1
github.com/avila-r/ego/box/box.go:135.33,136.17 1 3
github.com/avila-r/ego/box/box.go:136.17,138.3 1 1
github.com/avila-r/ego/box/box.go:139.2,139.41 1 2
github.com/avila-r/ego/box/box.go:143.44,144.18 1 8
github.com/avila-r/ego/box/box.go:144.18,146.3 1 2
github.com/avila-r/ego/box/box.go:148.2,148.32 1 6
github.com/avila-r/ego/box/box.go:148.32,150.3 1 2
github.com/avila-r/ego/box/box.go:152.2,152.16 1 4
github.com/avila-r/ego/box/box.go:152.16,154.3 1 1
github.com/avila-r/ego/box/box.go:156.2,156.17 1 3
github.com/avila-r/ego/box/box.go:156.17,158.3 1 2
github.com/avila-r/ego/box/box.go:162.2,162.71 1 1
github.com/avila-r/ego/box/box.integer.go:5.30,7.3 1 6
github.com/avila-r/ego/box/box.integer.go:10.30,12.3 1 4
github.com/avila-r/ego/box/box.integer.go:15.27,17.3 1 7
github.com/avila-r/ego/box/box.integer.go:20.25,22.3 1 4
github.com/avila-r/ego/box/box.integer.go:25.26,27.3 1 6
github.com/avila-r/ego/box/box.integer.go:30.26,32.3 1 6
github.com/avila-r/ego/box/box.integer.go:35.27,37.3 1 4
github.com/avila-r/ego/box/box.integer.go:40.24,41.12 1 4
github.com/avila-r/ego/box/box.integer.go:41.12,43.4 1 2
github.com/avila-r/ego/box/box.integer.go:44.3,44.11 1 2
github.com/avila-r/ego/box/box.integer.go:48.29,50.3 1 3
github.com/avila-r/ego/box/box.integer.go:53.37,54.26 1 6
github.com/avila-r/ego/box/box.integer.go:54.26,56.4 1 6
github.com/avila-r/ego/box/box.integer.go:60.43,61.26 1 8
github.com/avila-r/ego/box/box.integer.go:61.26,62.15 1 8
github.com/avila-r/ego/box/box.integer.go:62.15,64.5 1 3
github.com/avila-r/ego/box/box.integer.go:65.4,65.15 1 5
github.com/avila-r/ego/box/box.integer.go:65.15,67.5 1 3
github.com/avila-r/ego/box/box.integer.go:68.4,68.12 1 2
github.com/avila-r/ego/box/toolkit.go:4.32,9.2 1 51
github.com/avila-r/ego/box/toolkit.go:12.28,17.2 1 32
github.com/avila-r/ego/optional/optional.go:9.37,11.2 1 27
github.com/avila-r/ego/optional/optional.go:13.33,15.2 1 14
github.com/avila-r/ego/optional/optional.go:17.40,19.2 1 41
github.com/avila-r/ego/optional/optional.go:21.38,23.2 1 39
github.com/avila-r/ego/optional/optional.go:25.32,26.20 1 12
github.com/avila-r/ego/optional/optional.go:26.20,27.27 1 1
github.com/avila-r/ego/optional/optional.go:29.2,29.17 1 11
github.com/avila-r/ego/optional/optional.go:32.44,33.17 1 19
github.com/avila-r/ego/optional/optional.go:33.17,35.3 1 7
github.com/avila-r/ego/optional/optional.go:36.2,36.23 1 12
github.com/avila-r/ego/optional/optional.go:39.31,41.2 1 5
github.com/avila-r/ego/optional/optional.go:43.50,44.19 1 6
github.com/avila-r/ego/optional/optional.go:44.19,46.3 1 2
github.com/avila-r/ego/optional/optional.go:47.2,47.17 1 4
github.com/avila-r/ego/optional/optional.go:50.36,52.2 1 8
github.com/avila-r/ego/optional/optional.go:54.51,55.17 1 5
github.com/avila-r/ego/optional/optional.go:55.17,57.3 1 1
github.com/avila-r/ego/optional/optional.go:58.2,58.21 1 4
github.com/avila-r/ego/pointer/pointer.go:3.24,5.2 1 5
github.com/avila-r/ego/promise/promise.go:44.44,45.33 1 1
github.com/avila-r/ego/promise/promise.go:45.33,48.3 2 1
github.com/avila-r/ego/promise/promise.go:52.33,60.2 2 14
github.com/avila-r/ego/promise/promise.go:63.50,72.12 3 98
github.com/avila-r/ego/promise/promise.go:72.12,79.17 7 98
github.com/avila-r/ego/promise/promise.go:79.17,81.4 1 27
github.com/avila-r/ego/promise/promise.go:81.9,83.4 1 70
github.com/avila-r/ego/promise/promise.go:86.2,86.10 1 98
github.com/avila-r/ego/promise/promise.go:89.60,92.2 2 1
github.com/avila-r/ego/promise/promise.go:95.54,97.2 1 3
github.com/avila-r/ego/promise/promise.go:100.44,111.2 4 38
github.com/avila-r/ego/promise/promise.go:114.39,116.2 1 3
github.com/avila-r/ego/promise/promise.go:119.61,121.2 1 7
github.com/avila-r/ego/promise/promise.go:124.101,129.18 4 10
github.com/avila-r/ego/promise/promise.go:129.18,131.3 1 1
github.com/avila-r/ego/promise/promise.go:133.2,133.27 1 9
github.com/avila-r/ego/promise/promise.go:133.27,134.31 1 8
github.com/avila-r/ego/promise/promise.go:134.31,136.4 1 8
github.com/avila-r/ego/promise/promise.go:139.2,140.10 2 1
github.com/avila-r/ego/promise/promise.go:144.70,146.2 1 2
github.com/avila-r/ego/promise/promise.go:149.110,150.27 1 6
github.com/avila-r/ego/promise/promise.go:150.27,151.34 1 4
github.com/avila-r/ego/promise/promise.go:151.34,155.20 4 4
github.com/avila-r/ego/promise/promise.go:155.20,157.5 1 1
github.com/avila-r/ego/promise/promise.go:158.4,159.22 2 3
github.com/avila-r/ego/promise/promise.go:163.2,167.30 4 2
github.com/avila-r/ego/promise/promise.go:167.30,168.34 1 1
github.com/avila-r/ego/promise/promise.go:168.34,170.4 1 1
github.com/avila-r/ego/promise/promise.go:173.2,174.26 2 1
github.com/avila-r/ego/promise/promise.go:178.62,180.2 1 1
github.com/avila-r/ego/promise/promise.go:183.102,184.27 1 3
github.com/avila-r/ego/promise/promise.go:184.27,185.34 1 2
github.com/avila-r/ego/promise/promise.go:185.34,189.4 3 2
github.com/avila-r/ego/promise/promise.go:192.2,194.26 3 1
github.com/avila-r/ego/promise/promise.go:198.72,200.2 1 6
github.com/avila-r/ego/promise/promise.go:203.112,204.27 1 11
github.com/avila-r/ego/promise/promise.go:204.27,205.31 1 8
github.com/avila-r/ego/promise/promise.go:205.31,209.20 4 8
github.com/avila-r/ego/promise/promise.go:209.20,212.5 2 2
github.com/avila-r/ego/promise/promise.go:213.4,213.31 1 6
github.com/avila-r/ego/promise/promise.go:217.2,220.18 4 3
github.com/avila-r/ego/promise/promise.go:220.18,221.37 1 1
github.com/avila-r/ego/promise/promise.go:221.37,223.4 1 1
github.com/avila-r/ego/promise/promise.go:225.2,225.35 1 2
github.com/avila-r/ego/promise/promise.go:229.80,231.2 1 2
github.com/avila-r/ego/promise/promise.go:234.120,235.27 1 6
github.com/avila-r/ego/promise/promise.go:235.27,236.31 1 4
github.com/avila-r/ego/promise/promise.go:236.31,239.20 3 4
github.com/avila-r/ego/promise/promise.go:239.20,243.5 3 1
github.com/avila-r/ego/promise/promise.go:244.4,251.45 7 3
github.com/avila-r/ego/promise/promise.go:255.2,258.18 3 2
github.com/avila-r/ego/promise/promise.go:258.18,260.37 2 1
github.com/avila-r/ego/promise/promise.go:260.37,262.4 1 1
github.com/avila-r/ego/promise/promise.go:265.2,267.22 3 1
github.com/avila-r/ego/promise/promise.go:271.70,273.2 1 3
github.com/avila-r/ego/promise/promise.go:276.64,278.2 1 1
github.com/avila-r/ego/promise/promise.go:281.110,282.27 1 7
github.com/avila-r/ego/promise/promise.go:282.27,283.31 1 5
github.com/avila-r/ego/promise/promise.go:283.31,287.20 4 5
github.com/avila-r/ego/promise/promise.go:287.20,289.5 1 3
github.com/avila-r/ego/promise/promise.go:290.4,290.23 1 2
github.com/avila-r/ego/promise/promise.go:294.2,297.18 4 2
github.com/avila-r/ego/promise/promise.go:297.18,299.3 1 1
github.com/avila-r/ego/promise/promise.go:300.2,300.27 1 1
github.com/avila-r/ego/promise/promise.go:304.77,306.2 1 2
github.com/avila-r/ego/promise/promise.go:309.117,310.27 1 6
github.com/avila-r/ego/promise/promise.go:310.27,311.31 1 4
github.com/avila-r/ego/promise/promise.go:311.31,316.4 4 4
github.com/avila-r/ego/promise/promise.go:319.2,322.43 4 2
github.com/avila-r/ego/promise/promise.go:326.31,330.18 4 2
github.com/avila-r/ego/promise/promise.go:330.18,331.15 1 1
github.com/avila-r/ego/promise/promise.go:333.2,333.16 1 1
github.com/avila-r/ego/promise/promise.go:337.39,342.2 4 88
github.com/avila-r/ego/promise/promise.go:345.45,349.29 3 7
github.com/avila-r/ego/promise/promise.go:349.29,351.3 1 1
github.com/avila-r/ego/promise/promise.go:353.2,356.13 4 6
github.com/avila-r/ego/promise/promise.go:360.60,364.29 3 5
github.com/avila-r/ego/promise/promise.go:364.29,366.3 1 1
github.com/avila-r/ego/promise/promise.go:368.2,371.13 4 4
github.com/avila-r/ego/promise/promise.go:375.66,376.12 1 4
github.com/avila-r/ego/promise/promise.go:376.12,377.10 1 4
github.com/avila-r/ego/promise/promise.go:378.17,379.10 1 2
github.com/avila-r/ego/promise/promise.go:380.31,381.39 1 2
github.com/avila-r/ego/promise/promise.go:384.2,384.10 1 4
github.com/avila-r/ego/promise/promise.go:388.68,390.2 1 2
github.com/avila-r/ego/promise/promise.go:393.85,394.12 1 2
github.com/avila-r/ego/promise/promise.go:394.12,395.10 1 2
github.com/avila-r/ego/promise/promise.go:396.17,397.10 1 1
github.com/avila-r/ego/promise/promise.go:398.31,399.21 1 1
github.com/avila-r/ego/promise/promise.go:402.2,402.10 1 2
github.com/avila-r/ego/promise/promise.go:406.36,410.2 3 14
github.com/avila-r/ego/promise/promise.go:413.41,415.2 1 2
github.com/avila-r/ego/promise/promise.go:418.39,422.2 3 8
github.com/avila-r/ego/promise/promise.go:425.41,429.2 3 2
github.com/avila-r/ego/promise/promise.go:432.37,436.2 3 4
github.com/avila-r/ego/promise/promise.go:439.54,441.2 1 2
github.com/avila-r/ego/promise/promise.go:444.36,448.2 3 9
github.com/avila-r/ego/promise/promise.go:451.31,454.29 3 4
github.com/avila-r/ego/promise/promise.go:454.29,459.3 4 2
github.com/avila-r/ego/promise/promise.go:463.48,465.2 1 2
github.com/avila-r/ego/promise/promise.go:468.30,469.19 1 147
github.com/avila-r/ego/promise/promise.go:469.19,471.3 1 145
github.com/avila-r/ego/promise/status.go:20.32,22.2 1 4
github.com/avila-r/ego/promise/type.go:11.37,13.2 1 48
github.com/avila-r/ego/result/result.go:10.40,15.2 1 9
github.com/avila-r/ego/result/result.go:17.35,22.2 1 174
github.com/avila-r/ego/result/result.go:24.40,29.2 1 90
github.com/avila-r/ego/result/result.go:31.42,33.2 1 1
github.com/avila-r/ego/result/result.go:35.32,37.2 1 14
github.com/avila-r/ego/result/result.go:39.35,40.33 1 352
github.com/avila-r/ego/result/result.go:40.33,42.3 1 12
github.com/avila-r/ego/result/result.go:43.2,43.14 1 340
github.com/avila-r/ego/result/result.go:46.44,49.2 2 8
github.com/avila-r/ego/result/result.go:51.39,54.2 2 3
github.com/avila-r/ego/result/result.go:56.50,59.2 2 6
github.com/avila-r/ego/result/result.go:61.36,63.2 1 223
github.com/avila-r/ego/result/result.go:65.38,67.2 1 128
github.com/avila-r/ego/result/result.go:69.36,71.2 1 184
github.com/avila-r/ego/result/result.go:73.32,75.2 1 77
github.com/avila-r/ego/result/result.go:77.49,78.17 1 3
github.com/avila-r/ego/result/result.go:78.17,81.3 2 2
github.com/avila-r/ego/result/result.go:82.2,82.21 1 1
github.com/avila-r/ego/result/result.go:85.30,86.17 1 4
github.com/avila-r/ego/result/result.go:86.17,87.19 1 2
github.com/avila-r/ego/result/result.go:89.2,89.17 1 2
github.com/avila-r/ego/result/result.go:92.49,94.22 2 4
github.com/avila-r/ego/result/result.go:94.22,96.3 1 3
github.com/avila-r/ego/result/result.go:96.8,98.3 1 1
github.com/avila-r/ego/result/result.go:100.2,100.17 1 4
github.com/avila-r/ego/result/result.go:100.17,101.13 1 3
github.com/avila-r/ego/result/result.go:104.2,104.17 1 1
github.com/avila-r/ego/result/result.go:108.47,109.17 1 8
github.com/avila-r/ego/result/result.go:109.17,111.3 1 1
github.com/avila-r/ego/result/result.go:112.2,112.24 1 7
github.com/avila-r/ego/result/result.go:116.57,117.17 1 2
github.com/avila-r/ego/result/result.go:117.17,119.3 1 1
github.com/avila-r/ego/result/result.go:120.2,120.20 1 1
github.com/avila-r/ego/result/result.go:124.69,125.17 1 2
github.com/avila-r/ego/result/result.go:125.17,127.3 1 1
github.com/avila-r/ego/result/result.go:128.2,128.20 1 1
github.com/avila-r/ego/result/result.go:132.59,133.17 1 12
github.com/avila-r/ego/result/result.go:133.17,135.3 1 2
github.com/avila-r/ego/result/result.go:136.2,136.20 1 10
github.com/avila-r/ego/result/result.go:140.59,142.2 1 5
github.com/avila-r/ego/result/result.go:145.56,147.2 1 1
github.com/avila-r/ego/result/result.go:150.51,151.19 1 5
github.com/avila-r/ego/result/result.go:151.19,153.3 1 4
github.com/avila-r/ego/result/result.go:154.2,154.10 1 5
github.com/avila-r/ego/result/result.go:158.55,159.17 1 4
github.com/avila-r/ego/result/result.go:159.17,161.3 1 3
github.com/avila-r/ego/result/result.go:162.2,162.10 1 4
github.com/avila-r/ego/result/result.go:166.49,168.2 1 1
github.com/avila-r/ego/result/result.go:171.56,173.2 1 1
github.com/avila-r/ego/result/result.go:176.50,177.19 1 3
github.com/avila-r/ego/result/result.go:177.19,179.3 1 1
github.com/avila-r/ego/result/result.go:180.2,180.14 1 2
github.com/avila-r/ego/result/result.go:184.62,185.19 1 2
github.com/avila-r/ego/result/result.go:185.19,187.3 1 1
github.com/avila-r/ego/result/result.go:188.2,188.17 1 1
github.com/avila-r/ego/result/result.go:192.51,193.17 1 2
github.com/avila-r/ego/result/result.go:193.17,195.3 1 1
github.com/avila-r/ego/result/result.go:196.2,196.14 1 1
github.com/avila-r/ego/result/result.go:200.47,201.17 1 4
github.com/avila-r/ego/result/result.go:201.17,203.3 1 2
github.com/avila-r/ego/result/result.go:204.2,204.17 1 2
github.com/avila-r/ego/result/result.go:208.52,209.17 1 2
github.com/avila-r/ego/result/result.go:209.17,211.3 1 1
github.com/avila-r/ego/result/result.go:212.2,212.17 1 1
github.com/avila-r/ego/result/result.go:216.40,219.2 2 2
github.com/avila-r/ego/result/result.go:222.67,223.17 1 3
github.com/avila-r/ego/result/result.go:223.17,225.3 1 1
github.com/avila-r/ego/result/result.go:226.2,226.32 1 2
github.com/avila-r/ego/result/result.go:230.65,231.19 1 2
github.com/avila-r/ego/result/result.go:231.19,233.3 1 1
github.com/avila-r/ego/result/result.go:234.2,234.25 1 1
github.com/avila-r/ego/result/result.go:238.68,239.19 1 2
github.com/avila-r/ego/result/result.go:239.19,241.3 1 1
github.com/avila-r/ego/result/result.go:241.8,243.3 1 1
github.com/avila-r/ego/result/result.go:247.93,248.19 1 2
github.com/avila-r/ego/result/result.go:248.19,250.3 1 1
github.com/avila-r/ego/result/result.go:251.2,251.25 1 1
github.com/avila-r/ego/result/result.go:255.72,256.17 1 5
github.com/avila-r/ego/result/result.go:256.17,258.3 1 1
github.com/avila-r/ego/result/result.go:259.2,259.25 1 4
github.com/avila-r/ego/result/result.go:259.25,261.3 1 3
github.com/avila-r/ego/result/result.go:262.2,262.22 1 1
github.com/avila-r/ego/result/result.go:266.55,267.19 1 2
github.com/avila-r/ego/result/result.go:267.19,269.3 1 1
github.com/avila-r/ego/result/result.go:270.2,270.21 1 1
github.com/avila-r/ego/result/result.go:274.67,275.19 1 3
github.com/avila-r/ego/result/result.go:275.19,277.3 1 1
github.com/avila-r/ego/result/result.go:278.2,278.17 1 2
github.com/avila-r/ego/result/result.go:282.52,283.17 1 3
github.com/avila-r/ego/result/result.go:283.17,285.3 1 1
github.com/avila-r/ego/result/result.go:286.2,286.17 1 2
github.com/avila-r/ego/result/result.go:290.44,291.17 1 4
github.com/avila-r/ego/result/result.go:291.17,293.3 1 2
github.com/avila-r/ego/result/result.go:294.2,294.21 1 2
github.com/avila-r/ego/result/result.go:298.39,300.15 2 3
github.com/avila-r/ego/result/result.go:300.15,301.31 1 3
github.com/avila-r/ego/result/result.go:301.31,302.32 1 2
github.com/avila-r/ego/result/result.go:302.32,304.5 1 1
github.com/avila-r/ego/result/result.go:304.10,306.5 1 1
github.com/avila-r/ego/result/result.go:309.2,310.15 2 3
github.com/avila-r/ego/result/result.go:314.52,317.2 2 3
github.com/avila-r/ego/result/result.go:320.53,323.2 2 1
github.com/avila-r/ego/result/result.go:326.44,328.2 1 2
github.com/avila-r/ego/result/result.go:331.56,332.16 1 3
github.com/avila-r/ego/result/result.go:332.16,334.3 1 1
github.com/avila-r/ego/result/result.go:335.2,335.18 1 2
github.com/avila-r/ego/result/result.go:335.18,337.3 1 1
github.com/avila-r/ego/result/result.go:338.2,338.19 1 1
github.com/avila-r/ego/result/result.go:342.89,344.32 2 2
github.com/avila-r/ego/result/result.go:344.32,346.23 2 3
github.com/avila-r/ego/result/result.go:346.23,348.4 1 1
github.com/avila-r/ego/result/result.go:350.2,350.15 1 1
github.com/avila-r/ego/result/result.go:357.4,358.18 1 3
github.com/avila-r/ego/result/result.go:358.18,363.3 1 1
github.com/avila-r/ego/result/result.go:364.2,364.18 1 2
github.com/avila-r/ego/result/result.go:364.18,369.3 1 1
github.com/avila-r/ego/result/result.go:370.2,376.4 1 1
github.com/avila-r/ego/result/result.go:380.58,381.19 1 2
github.com/avila-r/ego/result/result.go:381.19,383.3 1 1
github.com/avila-r/ego/result/result.go:384.2,384.27 1 1
github.com/avila-r/ego/result/result.go:388.46,389.19 1 9
github.com/avila-r/ego/result/result.go:389.19,391.3 1 3
github.com/avila-r/ego/result/result.go:392.2,392.22 1 6
github.com/avila-r/ego/result/result.go:396.52,397.19 1 2
github.com/avila-r/ego/result/result.go:397.19,398.17 1 1
github.com/avila-r/ego/result/result.go:400.2,400.14 1 1
github.com/avila-r/ego/result/result.go:404.38,405.19 1 2
github.com/avila-r/ego/result/result.go:405.19,406.43 1 1
github.com/avila-r/ego/result/result.go:408.2,408.14 1 1
github.com/avila-r/ego/result/result.go:412.31,413.17 1 2
github.com/avila-r/ego/result/result.go:413.17,415.3 1 1
github.com/avila-r/ego/result/result.go:416.2,416.22 1 1
github.com/avila-r/ego/result/result.go:420.54,422.28 2 2
github.com/avila-r/ego/result/result.go:422.28,423.18 1 5
github.com/avila-r/ego/result/result.go:423.18,425.4 1 1
github.com/avila-r/ego/result/result.go:426.3,426.36 1 4
github.com/avila-r/ego/result/result.go:428.2,428.19 1 1
github.com/avila-r/ego/result/result.go:432.78,433.28 1 1
github.com/avila-r/ego/result/result.go:433.28,434.20 1 5
github.com/avila-r/ego/result/result.go:434.20,436.4 1 3
github.com/avila-r/ego/result/result.go:436.9,438.4 1 2
github.com/avila-r/ego/result/result.go:440.2,440.28 1 1
github.com/avila-r/ego/result/result.package.go:4.56,5.17 1 8
github.com/avila-r/ego/result/result.package.go:5.17,7.3 1 1
github.com/avila-r/ego/result/result.package.go:8.2,8.24 1 7
github.com/avila-r/ego/result/result.package.go:12.66,13.17 1 6
github.com/avila-r/ego/result/result.package.go:13.17,15.3 1 2
github.com/avila-r/ego/result/result.package.go:16.2,16.20 1 4
github.com/avila-r/ego/result/result.package.go:20.78,21.17 1 6
github.com/avila-r/ego/result/result.package.go:21.17,23.3 1 3
github.com/avila-r/ego/result/result.package.go:24.2,24.20 1 3
github.com/avila-r/ego/result/result.package.go:28.68,29.17 1 25
github.com/avila-r/ego/result/result.package.go:29.17,31.3 1 1
github.com/avila-r/ego/result/result.package.go:32.2,32.20 1 24
github.com/avila-r/ego/result/result.package.go:36.68,38.2 1 3
github.com/avila-r/ego/result/result.package.go:41.65,43.2 1 3
github.com/avila-r/ego/set/hash_set.go:7.45,11.2 1 8
github.com/avila-r/ego/set/hash_set.go:13.42,14.42 1 20
github.com/avila-r/ego/set/hash_set.go:14.42,16.3 1 2
github.com/avila-r/ego/set/hash_set.go:17.2,18.13 2 18
github.com/avila-r/ego/set/hash_set.go:21.45,22.43 1 4
github.com/avila-r/ego/set/hash_set.go:22.43,24.3 1 2
github.com/avila-r/ego/set/hash_set.go:25.2,26.13 2 2
github.com/avila-r/ego/set/hash_set.go:29.47,32.2 2 19
github.com/avila-r/ego/set/hash_set.go:34.33,36.2 1 8
github.com/avila-r/ego/set/hash_set.go:38.37,40.2 1 5
github.com/avila-r/ego/set/hash_set.go:42.30,44.2 1 1
github.com/avila-r/ego/set/hash_set.go:46.36,48.24 2 3
github.com/avila-r/ego/set/hash_set.go:48.24,50.3 1 4
github.com/avila-r/ego/set/hash_set.go:51.2,51.15 1 3
github.com/avila-r/ego/set/hash_set.go:54.59,56.24 2 1
github.com/avila-r/ego/set/hash_set.go:56.24,58.3 1 3
github.com/avila-r/ego/set/hash_set.go:59.2,59.36 1 1
github.com/avila-r/ego/set/hash_set.go:59.36,61.3 1 3
github.com/avila-r/ego/set/hash_set.go:62.2,62.15 1 1
github.com/avila-r/ego/set/hash_set.go:65.66,67.24 2 1
github.com/avila-r/ego/set/hash_set.go:67.24,68.24 1 3
github.com/avila-r/ego/set/hash_set.go:68.24,70.4 1 1
github.com/avila-r/ego/set/hash_set.go:72.2,72.15 1 1
github.com/avila-r/ego/set/hash_set.go:75.64,77.24 2 1
github.com/avila-r/ego/set/hash_set.go:77.24,78.25 1 3
github.com/avila-r/ego/set/hash_set.go:78.25,80.4 1 2
github.com/avila-r/ego/set/hash_set.go:82.2,82.15 1 1
github.com/avila-r/ego/set/linked_hash_set.go:16.57,20.2 1 8
github.com/avila-r/ego/set/linked_hash_set.go:22.48,23.42 1 23
github.com/avila-r/ego/set/linked_hash_set.go:23.42,25.3 1 2
github.com/avila-r/ego/set/linked_hash_set.go:27.2,30.19 3 21
github.com/avila-r/ego/set/linked_hash_set.go:30.19,33.3 2 7
github.com/avila-r/ego/set/linked_hash_set.go:33.8,37.3 3 14
github.com/avila-r/ego/set/linked_hash_set.go:38.2,39.13 2 21
github.com/avila-r/ego/set/linked_hash_set.go:42.51,44.13 2 5
github.com/avila-r/ego/set/linked_hash_set.go:44.13,46.3 1 1
github.com/avila-r/ego/set/linked_hash_set.go:48.2,48.19 1 4
github.com/avila-r/ego/set/linked_hash_set.go:48.19,50.3 1 2
github.com/avila-r/ego/set/linked_hash_set.go:50.8,52.3 1 2
github.com/avila-r/ego/set/linked_hash_set.go:54.2,54.19 1 4
github.com/avila-r/ego/set/linked_hash_set.go:54.19,56.3 1 2
github.com/avila-r/ego/set/linked_hash_set.go:56.8,58.3 1 2
github.com/avila-r/ego/set/linked_hash_set.go:60.2,62.13 3 4
github.com/avila-r/ego/set/linked_hash_set.go:65.53,68.2 2 9
github.com/avila-r/ego/set/linked_hash_set.go:70.39,72.2 1 4
github.com/avila-r/ego/set/linked_hash_set.go:74.43,76.2 1 2
github.com/avila-r/ego/set/linked_hash_set.go:78.36,83.2 4 0
github.com/avila-r/ego/set/linked_hash_set.go:85.42,87.40 2 7
github.com/avila-r/ego/set/linked_hash_set.go:87.40,89.3 1 15
github.com/avila-r/ego/set/linked_hash_set.go:90.2,90.15 1 7
github.com/avila-r/ego/set/linked_hash_set.go:93.65,95.40 2 1
github.com/avila-r/ego/set/linked_hash_set.go:95.40,97.3 1 3
github.com/avila-r/ego/set/linked_hash_set.go:98.2,98.36 1 1
github.com/avila-r/ego/set/linked_hash_set.go:98.36,100.3 1 3
github.com/avila-r/ego/set/linked_hash_set.go:101.2,101.15 1 1
github.com/avila-r/ego/set/linked_hash_set.go:104.72,106.40 2 1
github.com/avila-r/ego/set/linked_hash_set.go:106.40,107.30 1 3
github.com/avila-r/ego/set/linked_hash_set.go:107.30,109.4 1 1
github.com/avila-r/ego/set/linked_hash_set.go:111.2,111.15 1 1
github.com/avila-r/ego/set/linked_hash_set.go:114.70,116.40 2 1
github.com/avila-r/ego/set/linked_hash_set.go:116.40,117.31 1 3
github.com/avila-r/ego/set/linked_hash_set.go:117.31,119.4 1 2
github.com/avila-r/ego/set/linked_hash_set.go:121.2,121.15 1 1
github.com/avila-r/ego/set/set.go:7.49,9.35 2 0
github.com/avila-r/ego/set/set.go:9.35,11.3 1 0
github.com/avila-r/ego/set/set.go:12.2,12.12 1 0
github.com/avila-r/ego/set/set.go:15.29,17.2 1 0
github.com/avila-r/ego/set/set.go:19.33,21.2 1 0
github.com/avila-r/ego/set/set.go:23.38,24.26 1 0
github.com/avila-r/ego/set/set.go:24.26,27.3 2 0
github.com/avila-r/ego/set/set.go:28.2,28.14 1 0
github.com/avila-r/ego/set/set.go:31.40,32.35 1 0
github.com/avila-r/ego/set/set.go:32.35,34.3 1 0
github.com/avila-r/ego/set/set.go:37.26,39.2 1 0
github.com/avila-r/ego/set/set.go:41.43,42.31 1 0
github.com/avila-r/ego/set/set.go:42.31,43.19 1 0
github.com/avila-r/ego/set/set.go:43.19,45.4 1 0
github.com/avila-r/ego/set/set.go:47.2,47.14 1 0
github.com/avila-r/ego/set/set.go:50.50,51.35 1 0
github.com/avila-r/ego/set/set.go:51.35,52.27 1 0
github.com/avila-r/ego/set/set.go:52.27,54.4 1 0
github.com/avila-r/ego/set/set.go:56.2,56.13 1 0
github.com/avila-r/ego/set/set.go:59.41,60.31 1 0
github.com/avila-r/ego/set/set.go:60.31,61.19 1 0
github.com/avila-r/ego/set/set.go:61.19,64.4 2 0
github.com/avila-r/ego/set/set.go:66.2,66.14 1 0
github.com/avila-r/ego/set/set.go:69.47,71.35 2 0
github.com/avila-r/ego/set/set.go:71.35,72.24 1 0
github.com/avila-r/ego/set/set.go:72.24,74.4 1 0
github.com/avila-r/ego/set/set.go:76.2,76.16 1 0
github.com/avila-r/ego/set/set.go:79.47,83.37 3 0
github.com/avila-r/ego/set/set.go:83.37,87.10 3 0
github.com/avila-r/ego/set/set.go:88.13,89.40 1 0
github.com/avila-r/ego/set/set.go:90.11,91.13 1 0
github.com/avila-r/ego/set/set.go:95.2,96.16 2 0
github.com/avila-r/ego/set/set.go:99.75,100.36 1 0
github.com/avila-r/ego/set/set.go:100.36,101.26 1 0
github.com/avila-r/ego/set/set.go:101.26,103.9 2 0
github.com/avila-r/ego/set/set.go:106.2,106.13 1 0
github.com/avila-r/ego/set/set.go:109.39,111.2 1 0
github.com/avila-r/ego/set/set.go:113.32,117.2 3 0
github.com/avila-r/ego/set/set.go:119.55,121.37 2 0
github.com/avila-r/ego/set/set.go:121.37,123.3 1 0
github.com/avila-r/ego/set/set.go:124.2,124.42 1 0
github.com/avila-r/ego/set/set.go:124.42,126.3 1 0
github.com/avila-r/ego/set/set.go:127.2,127.15 1 0
github.com/avila-r/ego/set/set.go:130.62,132.37 2 0
github.com/avila-r/ego/set/set.go:132.37,133.30 1 0
github.com/avila-r/ego/set/set.go:133.30,135.4 1 0
github.com/avila-r/ego/set/set.go:137.2,137.15 1 0
github.com/avila-r/ego/set/set.go:140.60,142.37 2 0
github.com/avila-r/ego/set/set.go:142.37,143.31 1 0
github.com/avila-r/ego/set/set.go:143.31,145.4 1 0
github.com/avila-r/ego/set/set.go:147.2,147.15 1 0
github.com/avila-r/ego/set/tree_set.go:8.67,13.2 1 7
github.com/avila-r/ego/set/tree_set.go:15.58,17.19 2 32
github.com/avila-r/ego/set/tree_set.go:17.19,19.10 2 38
github.com/avila-r/ego/set/tree_set.go:20.37,21.18 1 19
github.com/avila-r/ego/set/tree_set.go:22.37,23.15 1 13
github.com/avila-r/ego/set/tree_set.go:24.11,25.20 1 6
github.com/avila-r/ego/set/tree_set.go:28.2,28.20 1 26
github.com/avila-r/ego/set/tree_set.go:31.42,33.11 2 23
github.com/avila-r/ego/set/tree_set.go:33.11,35.3 1 2
github.com/avila-r/ego/set/tree_set.go:36.2,37.13 2 21
github.com/avila-r/ego/set/tree_set.go:40.45,42.12 2 2
github.com/avila-r/ego/set/tree_set.go:42.12,44.3 1 1
github.com/avila-r/ego/set/tree_set.go:45.2,46.13 2 1
github.com/avila-r/ego/set/tree_set.go:49.47,52.2 2 7
github.com/avila-r/ego/set/tree_set.go:54.33,56.2 1 3
github.com/avila-r/ego/set/tree_set.go:58.37,60.2 1 1
github.com/avila-r/ego/set/tree_set.go:62.30,64.2 1 0
github.com/avila-r/ego/set/tree_set.go:66.36,70.2 3 6
github.com/avila-r/ego/set/tree_set.go:72.59,74.27 2 1
github.com/avila-r/ego/set/tree_set.go:74.27,76.3 1 3
github.com/avila-r/ego/set/tree_set.go:77.2,77.36 1 1
github.com/avila-r/ego/set/tree_set.go:77.36,79.3 1 3
github.com/avila-r/ego/set/tree_set.go:80.2,80.15 1 1
github.com/avila-r/ego/set/tree_set.go:83.66,85.27 2 1
github.com/avila-r/ego/set/tree_set.go:85.27,86.24 1 3
github.com/avila-r/ego/set/tree_set.go:86.24,88.4 1 1
github.com/avila-r/ego/set/tree_set.go:90.2,90.15 1 1
github.com/avila-r/ego/set/tree_set.go:93.64,95.27 2 0
github.com/avila-r/ego/set/tree_set.go:95.27,96.25 1 0
github.com/avila-r/ego/set/tree_set.go:96.25,98.4 1 0
github.com/avila-r/ego/set/tree_set.go:100.2,100.15 1 0
github.com/avila-r/ego/collection/collection.go:30.50,34.2 1 44
github.com/avila-r/ego/collection/collection.go:37.43,41.2 1 2
github.com/avila-r/ego/collection/collection.go:44.51,48.2 1 3
github.com/avila-r/ego/collection/collection.go:51.51,53.2 1 8
github.com/avila-r/ego/collection/collection.go:56.57,58.43 2 8
github.com/avila-r/ego/collection/collection.go:58.43,60.3 1 3
github.com/avila-r/ego/collection/collection.go:61.2,61.32 1 5
github.com/avila-r/ego/collection/collection.go:65.55,66.43 1 8
github.com/avila-r/ego/collection/collection.go:66.43,68.3 1 3
github.com/avila-r/ego/collection/collection.go:69.2,70.13 2 5
github.com/avila-r/ego/collection/collection.go:74.43,76.2 1 23
github.com/avila-r/ego/collection/collection.go:79.47,81.2 1 13
github.com/avila-r/ego/collection/collection.go:84.40,86.2 1 4
github.com/avila-r/ego/collection/collection.go:89.47,91.2 1 29
github.com/avila-r/ego/collection/collection.go:94.56,95.34 1 4
github.com/avila-r/ego/collection/collection.go:95.34,97.3 1 9
github.com/avila-r/ego/collection/collection.go:101.54,107.2 3 5
github.com/avila-r/ego/collection/collection.go:110.64,112.2 1 3
github.com/avila-r/ego/dotenv/dotenv.go:18.52,21.16 3 0
github.com/avila-r/ego/dotenv/dotenv.go:21.16,23.3 1 0
github.com/avila-r/ego/dotenv/dotenv.go:25.2,25.36 1 0
github.com/avila-r/ego/dotenv/dotenv.go:39.44,42.37 2 0
github.com/avila-r/ego/dotenv/dotenv.go:42.37,44.17 2 0
github.com/avila-r/ego/dotenv/dotenv.go:44.17,46.4 1 0
github.com/avila-r/ego/dotenv/dotenv.go:48.2,48.8 1 0
github.com/avila-r/ego/dotenv/dotenv.go:62.48,65.37 2 0
github.com/avila-r/ego/dotenv/dotenv.go:65.37,67.17 2 0
github.com/avila-r/ego/dotenv/dotenv.go:67.17,69.4 1 0
github.com/avila-r/ego/dotenv/dotenv.go:71.2,71.8 1 0
github.com/avila-r/ego/dotenv/dotenv.go:76.70,80.37 3 0
github.com/avila-r/ego/dotenv/dotenv.go:80.37,83.27 2 0
github.com/avila-r/ego/dotenv/dotenv.go:83.27,86.4 2 0
github.com/avila-r/ego/dotenv/dotenv.go:88.3,88.38 1 0
github.com/avila-r/ego/dotenv/dotenv.go:91.2,91.8 1 0
github.com/avila-r/ego/dotenv/dotenv.go:95.66,97.2 1 0
github.com/avila-r/ego/dotenv/dotenv.go:100.60,105.2 3 0
github.com/avila-r/ego/dotenv/dotenv.go:114.82,116.14 2 0
github.com/avila-r/ego/dotenv/dotenv.go:116.14,118.3 1 0
github.com/avila-r/ego/dotenv/dotenv.go:119.2,119.41 1 0
github.com/avila-r/ego/dotenv/dotenv.go:119.41,121.3 1 0
github.com/avila-r/ego/dotenv/dotenv.go:123.2,127.22 5 0
github.com/avila-r/ego/dotenv/dotenv.go:131.61,133.16 2 0
github.com/avila-r/ego/dotenv/dotenv.go:133.16,135.3 1 0
github.com/avila-r/ego/dotenv/dotenv.go:136.2,137.16 2 0
github.com/avila-r/ego/dotenv/dotenv.go:137.16,139.3 1 0
github.com/avila-r/ego/dotenv/dotenv.go:140.2,142.16 3 0
github.com/avila-r/ego/dotenv/dotenv.go:142.16,144.3 1 0
github.com/avila-r/ego/dotenv/dotenv.go:145.2,145.20 1 0
github.com/avila-r/ego/dotenv/dotenv.go:150.56,152.27 2 0
github.com/avila-r/ego/dotenv/dotenv.go:152.27,153.44 1 0
github.com/avila-r/ego/dotenv/dotenv.go:153.44,155.4 1 0
github.com/avila-r/ego/dotenv/dotenv.go:155.9,157.4 1 0
github.com/avila-r/ego/dotenv/dotenv.go:159.2,160.39 2 0
github.com/avila-r/ego/dotenv/dotenv.go:163.54,164.25 1 0
github.com/avila-r/ego/dotenv/dotenv.go:164.25,166.3 1 0
github.com/avila-r/ego/dotenv/dotenv.go:167.2,167.18 1 0
github.com/avila-r/ego/dotenv/dotenv.go:170.53,172.16 2 0
github.com/avila-r/ego/dotenv/dotenv.go:172.16,174.3 1 0
github.com/avila-r/ego/dotenv/dotenv.go:176.2,178.36 3 0
github.com/avila-r/ego/dotenv/dotenv.go:178.36,181.3 2 0
github.com/avila-r/ego/dotenv/dotenv.go:183.2,183.33 1 0
github.com/avila-r/ego/dotenv/dotenv.go:183.33,184.35 1 0
github.com/avila-r/ego/dotenv/dotenv.go:184.35,186.4 1 0
github.com/avila-r/ego/dotenv/dotenv.go:189.2,189.12 1 0
github.com/avila-r/ego/dotenv/dotenv.go:192.70,194.16 2 0
github.com/avila-r/ego/dotenv/dotenv.go:194.16,196.3 1 0
github.com/avila-r/ego/dotenv/dotenv.go:197.2,199.20 2 0
github.com/avila-r/ego/dotenv/dotenv.go:202.44,203.44 1 0
github.com/avila-r/ego/dotenv/dotenv.go:203.44,205.16 2 0
github.com/avila-r/ego/dotenv/dotenv.go:205.16,207.4 1 0
github.com/avila-r/ego/dotenv/dotenv.go:208.3,208.16 1 0
github.com/avila-r/ego/dotenv/dotenv.go:208.16,210.4 1 0
github.com/avila-r/ego/dotenv/dotenv.go:211.3,211.57 1 0
github.com/avila-r/ego/dotenv/dotenv.go:213.2,213.13 1 0
github.com/avila-r/ego/dotenv/load.go:3.13,5.2 1 0
github.com/avila-r/ego/dotenv/parser.go:21.58,24.6 3 0
github.com/avila-r/ego/dotenv/parser.go:24.6,26.20 2 0
github.com/avila-r/ego/dotenv/parser.go:26.20,28.9 1 0
github.com/avila-r/ego/dotenv/parser.go:31.3,32.17 2 0
github.com/avila-r/ego/dotenv/parser.go:32.17,34.4 1 0
github.com/avila-r/ego/dotenv/parser.go:36.3,37.17 2 0
github.com/avila-r/ego/dotenv/parser.go:37.17,39.4 1 0
github.com/avila-r/ego/dotenv/parser.go:41.3,42.16 2 0
github.com/avila-r/ego/dotenv/parser.go:45.2,45.12 1 0
github.com/avila-r/ego/dotenv/parser.go:51.43,53.15 2 0
github.com/avila-r/ego/dotenv/parser.go:53.15,55.3 1 0
github.com/avila-r/ego/dotenv/parser.go:57.2,58.27 2 0
github.com/avila-r/ego/dotenv/parser.go:58.27,60.3 1 0
github.com/avila-r/ego/dotenv/parser.go:63.2,64.15 2 0
github.com/avila-r/ego/dotenv/parser.go:64.15,66.3 1 0
github.com/avila-r/ego/dotenv/parser.go:68.2,68.37 1 0
github.com/avila-r/ego/dotenv/parser.go:72.71,75.48 2 0
github.com/avila-r/ego/dotenv/parser.go:75.48,77.45 2 0
github.com/avila-r/ego/dotenv/parser.go:77.45,79.4 1 0
github.com/avila-r/ego/dotenv/parser.go:83.2,85.27 2 0
github.com/avila-r/ego/dotenv/parser.go:85.27,87.21 2 0
github.com/avila-r/ego/dotenv/parser.go:87.21,88.12 1 0
github.com/avila-r/ego/dotenv/parser.go:91.3,91.15 1 0
github.com/avila-r/ego/dotenv/parser.go:92.17,96.14 3 0
github.com/avila-r/ego/dotenv/parser.go:97.12,97.12 0 0
github.com/avila-r/ego/dotenv/parser.go:98.11,100.74 1 0
github.com/avila-r/ego/dotenv/parser.go:100.74,101.13 1 0
github.com/avila-r/ego/dotenv/parser.go:104.4,106.31 1 0
github.com/avila-r/ego/dotenv/parser.go:110.2,110.19 1 0
github.com/avila-r/ego/dotenv/parser.go:110.19,112.3 1 0
github.com/avila-r/ego/dotenv/parser.go:115.2,117.25 3 0
github.com/avila-r/ego/dotenv/parser.go:121.97,123.16 2 0
github.com/avila-r/ego/dotenv/parser.go:123.16,128.22 2 0
github.com/avila-r/ego/dotenv/parser.go:128.22,131.22 2 0
github.com/avila-r/ego/dotenv/parser.go:131.22,133.5 1 0
github.com/avila-r/ego/dotenv/parser.go:137.3,141.20 3 0
github.com/avila-r/ego/dotenv/parser.go:141.20,143.4 1 0
github.com/avila-r/ego/dotenv/parser.go:147.3,147.33 1 0
github.com/avila-r/ego/dotenv/parser.go:147.33,148.46 1 0
github.com/avila-r/ego/dotenv/parser.go:148.46,149.27 1 0
github.com/avila-r/ego/dotenv/parser.go:149.27,151.11 2 0
github.com/avila-r/ego/dotenv/parser.go:156.3,158.62 2 0
github.com/avila-r/ego/dotenv/parser.go:162.2,162.32 1 0
github.com/avila-r/ego/dotenv/parser.go:162.32,163.36 1 0
github.com/avila-r/ego/dotenv/parser.go:163.36,164.12 1 0
github.com/avila-r/ego/dotenv/parser.go:168.3,168.45 1 0
github.com/avila-r/ego/dotenv/parser.go:168.45,169.12 1 0
github.com/avila-r/ego/dotenv/parser.go:173.3,175.33 3 0
github.com/avila-r/ego/dotenv/parser.go:175.33,179.4 1 0
github.com/avila-r/ego/dotenv/parser.go:181.3,181.31 1 0
github.com/avila-r/ego/dotenv/parser.go:185.2,186.23 2 0
github.com/avila-r/ego/dotenv/parser.go:186.23,188.3 1 0
github.com/avila-r/ego/dotenv/parser.go:190.2,190.79 1 0
github.com/avila-r/ego/dotenv/parser.go:193.39,194.73 1 0
github.com/avila-r/ego/dotenv/parser.go:194.73,196.12 2 0
github.com/avila-r/ego/dotenv/parser.go:197.12,198.15 1 0
github.com/avila-r/ego/dotenv/parser.go:199.12,200.15 1 0
github.com/avila-r/ego/dotenv/parser.go:201.11,202.16 1 0
github.com/avila-r/ego/dotenv/parser.go:205.2,205.55 1 0
github.com/avila-r/ego/dotenv/parser.go:208.42,209.48 1 0
github.com/avila-r/ego/dotenv/parser.go:209.48,211.3 1 0
github.com/avila-r/ego/dotenv/parser.go:215.62,216.19 1 0
github.com/avila-r/ego/dotenv/parser.go:216.19,218.3 1 0
github.com/avila-r/ego/dotenv/parser.go:220.2,220.34 1 0
github.com/avila-r/ego/dotenv/parser.go:221.44,222.22 1 0
github.com/avila-r/ego/dotenv/parser.go:223.10,224.18 1 0
github.com/avila-r/ego/dotenv/parser.go:228.44,229.27 1 0
github.com/avila-r/ego/dotenv/parser.go:229.27,231.3 1 0
github.com/avila-r/ego/dotenv/parser.go:237.27,238.11 1 0
github.com/avila-r/ego/dotenv/parser.go:239.47,240.14 1 0
github.com/avila-r/ego/dotenv/parser.go:242.2,242.14 1 0
github.com/avila-r/ego/dotenv/parser.go:245.29,246.28 1 0
github.com/avila-r/ego/dotenv/parser.go:246.28,248.3 1 0
github.com/avila-r/ego/dotenv/parser.go:249.2,249.14 1 0
github.com/avila-r/ego/dotenv/parser.go:258.60,259.70 1 0
github.com/avila-r/ego/dotenv/parser.go:259.70,262.22 2 0
github.com/avila-r/ego/dotenv/parser.go:262.22,264.4 1 0
github.com/avila-r/ego/dotenv/parser.go:265.3,265.48 1 0
github.com/avila-r/ego/dotenv/parser.go:265.48,267.4 1 0
github.com/avila-r/ego/dotenv/parser.go:267.9,267.31 1 0
github.com/avila-r/ego/dotenv/parser.go:267.31,268.37 1 0
github.com/avila-r/ego/dotenv/parser.go:268.37,270.5 1 0
github.com/avila-r/ego/dotenv/parser.go:271.4,271.48 1 0
github.com/avila-r/ego/dotenv/parser.go:271.48,273.5 1 0
github.com/avila-r/ego/dotenv/parser.go:274.4,274.25 1 0
github.com/avila-r/ego/dotenv/parser.go:276.3,276.11 1 0
github.com/avila-r/ego/entry/entry.go:5.69,10.2 1 0
github.com/avila-r/ego/function/Runnable.go:11.33,13.2 1 0
github.com/avila-r/ego/function/Runnable.go:15.44,17.2 1 0
github.com/avila-r/ego/function/Supplier.go:11.38,13.2 1 0
github.com/avila-r/ego/function/Supplier.go:15.56,17.2 1 0
github.com/avila-r/ego/function/bi_consumer.go:11.52,13.2 1 0
github.com/avila-r/ego/function/bi_consumer.go:15.68,17.2 1 0
github.com/avila-r/ego/function/bi_consumer.go:19.94,20.38 1 0
github.com/avila-r/ego/function/bi_consumer.go:20.38,23.3 2 0
github.com/avila-r/ego/function/bi_function.go:11.56,13.2 1 0
github.com/avila-r/ego/function/bi_function.go:15.76,17.2 1 0
github.com/avila-r/ego/function/bi_function.go:19.113,20.40 1 0
github.com/avila-r/ego/function/bi_function.go:20.40,22.3 1 0
github.com/avila-r/ego/function/binary_operator.go:12.56,14.2 1 0
github.com/avila-r/ego/function/binary_operator.go:16.72,18.2 1 0
github.com/avila-r/ego/function/binary_operator.go:20.86,21.46 1 0
github.com/avila-r/ego/function/binary_operator.go:21.46,22.38 1 0
github.com/avila-r/ego/function/binary_operator.go:22.38,24.4 1 0
github.com/avila-r/ego/function/binary_operator.go:25.3,25.12 1 0
github.com/avila-r/ego/function/binary_operator.go:29.86,30.46 1 0
github.com/avila-r/ego/function/binary_operator.go:30.46,31.38 1 0
github.com/avila-r/ego/function/binary_operator.go:31.38,33.4 1 0
github.com/avila-r/ego/function/binary_operator.go:34.3,34.12 1 0
github.com/avila-r/ego/function/comparator.go:17.54,19.2 1 0
github.com/avila-r/ego/function/comparator.go:21.65,23.2 1 0
github.com/avila-r/ego/function/comparator.go:25.70,27.2 1 0
github.com/avila-r/ego/function/comparator.go:29.57,30.42 1 0
github.com/avila-r/ego/function/comparator.go:30.42,32.3 1 0
github.com/avila-r/ego/function/comparator.go:35.81,36.42 1 0
github.com/avila-r/ego/function/comparator.go:36.42,38.15 2 0
github.com/avila-r/ego/function/comparator.go:38.15,40.4 1 0
github.com/avila-r/ego/function/comparator.go:41.3,41.31 1 0
github.com/avila-r/ego/function/comparator.go:45.94,47.2 1 0
github.com/avila-r/ego/function/comparator.go:49.100,51.2 1 0
github.com/avila-r/ego/function/comparator.go:53.58,54.42 1 0
github.com/avila-r/ego/function/comparator.go:54.42,56.3 1 0
github.com/avila-r/ego/function/comparator.go:59.58,61.2 1 0
github.com/avila-r/ego/function/comparator.go:63.98,64.42 1 0
github.com/avila-r/ego/function/comparator.go:64.42,68.3 3 0
github.com/avila-r/ego/function/comparator.go:71.92,74.2 2 0
github.com/avila-r/ego/function/comparator.go:76.71,77.40 1 0
github.com/avila-r/ego/function/comparator.go:77.40,79.3 1 0
github.com/avila-r/ego/function/comparator.go:82.77,83.40 1 0
github.com/avila-r/ego/function/comparator.go:83.40,85.3 1 0
github.com/avila-r/ego/function/comparator.go:88.55,89.9 1 0
github.com/avila-r/ego/function/comparator.go:90.13,91.12 1 0
github.com/avila-r/ego/function/comparator.go:92.13,93.11 1 0
github.com/avila-r/ego/function/comparator.go:94.10,95.11 1 0
github.com/avila-r/ego/function/consumer.go:11.42,13.2 1 0
github.com/avila-r/ego/function/consumer.go:15.55,17.2 1 0
github.com/avila-r/ego/function/consumer.go:19.77,20.31 1 0
github.com/avila-r/ego/function/consumer.go:20.31,23.3 2 0
github.com/avila-r/ego/function/function.go:11.46,13.2 1 0
github.com/avila-r/ego/function/function.go:15.63,17.2 1 0
github.com/avila-r/ego/function/function.go:19.94,20.33 1 0
github.com/avila-r/ego/function/function.go:20.33,23.3 2 0
github.com/avila-r/ego/function/function.go:26.93,27.33 1 0
github.com/avila-r/ego/function/function.go:27.33,30.3 2 0
github.com/avila-r/ego/function/function.go:33.47,34.33 1 0
github.com/avila-r/ego/function/function.go:34.33,36.3 1 0
github.com/avila-r/ego/function/int_function.go:11.47,13.2 1 0
github.com/avila-r/ego/function/int_function.go:15.57,17.2 1 0
github.com/avila-r/ego/function/predicate.go:11.46,13.2 1 0
github.com/avila-r/ego/function/predicate.go:15.63,17.2 1 0
github.com/avila-r/ego/function/predicate.go:19.68,20.37 1 0
github.com/avila-r/ego/function/predicate.go:20.37,22.3 1 0
github.com/avila-r/ego/function/predicate.go:25.67,26.37 1 0
github.com/avila-r/ego/function/predicate.go:26.37,28.3 1 0
github.com/avila-r/ego/function/predicate.go:31.53,32.37 1 0
github.com/avila-r/ego/function/predicate.go:32.37,34.3 1 0
github.com/avila-r/ego/function/predicate.go:37.51,38.37 1 0
github.com/avila-r/ego/function/predicate.go:38.37,40.3 1 0
github.com/avila-r/ego/function/predicate.go:43.61,45.2 1 0
github.com/avila-r/ego/function/to_float_function.go:11.63,13.2 1 0
github.com/avila-r/ego/function/to_float_function.go:15.77,17.2 1 0
github.com/avila-r/ego/function/to_int_function.go:11.55,13.2 1 0
github.com/avila-r/ego/function/to_int_function.go:15.69,17.2 1 0
github.com/avila-r/ego/function/unary_operator.go:11.48,13.2 1 0
github.com/avila-r/ego/function/unary_operator.go:15.67,17.2 1 0
github.com/avila-r/ego/function/unary_operator.go:19.54,20.38 1 0
github.com/avila-r/ego/function/unary_operator.go:20.38,22.3 1 0
github.com/avila-r/ego/env/dotenv.go:17.29,22.15 2 0
github.com/avila-r/ego/env/dotenv.go:22.15,23.32 1 0
github.com/avila-r/ego/env/dotenv.go:23.32,24.19 1 0
github.com/avila-r/ego/env/dotenv.go:24.19,26.5 1 0
github.com/avila-r/ego/env/dotenv.go:30.2,30.23 1 0
github.com/avila-r/ego/env/dotenv.go:33.33,34.14 1 0
github.com/avila-r/ego/env/dotenv.go:34.14,36.3 1 0
github.com/avila-r/ego/env/dotenv.go:38.2,43.19 2 0
github.com/avila-r/ego/env/dotenv.go:43.19,45.3 1 0
github.com/avila-r/ego/env/dotenv.go:47.2,50.41 2 0
github.com/avila-r/ego/env/dotenv.go:50.41,52.3 1 0
github.com/avila-r/ego/env/dotenv.go:54.2,57.19 2 0
github.com/avila-r/ego/env/dotenv.go:57.19,61.3 2 0
github.com/avila-r/ego/env/dotenv.go:63.2,65.44 2 0
github.com/avila-r/ego/env/dotenv.go:65.44,67.3 1 0
github.com/avila-r/ego/env/dotenv.go:69.2,71.12 2 0
github.com/avila-r/ego/env/struct.go:25.35,27.2 1 0
github.com/avila-r/ego/env/struct.go:56.40,58.16 2 0
github.com/avila-r/ego/env/struct.go:58.16,60.3 1 0
github.com/avila-r/ego/env/struct.go:64.2,64.18 1 0
github.com/avila-r/ego/env/struct.go:64.18,66.3 1 0
github.com/avila-r/ego/env/struct.go:68.2,68.12 1 0
github.com/avila-r/ego/env/struct.go:73.31,75.16 2 0
github.com/avila-r/ego/env/struct.go:75.16,77.3 1 0
github.com/avila-r/ego/env/struct.go:81.2,81.18 1 0
github.com/avila-r/ego/env/struct.go:81.18,83.3 1 0
github.com/avila-r/ego/env/struct.go:85.2,85.12 1 0
github.com/avila-r/ego/env/struct.go:88.51,90.42 2 0
github.com/avila-r/ego/env/struct.go:90.42,92.3 1 0
github.com/avila-r/ego/env/struct.go:94.2,95.32 2 0
github.com/avila-r/ego/env/struct.go:95.32,97.3 1 0
github.com/avila-r/ego/env/struct.go:99.2,101.36 3 0
github.com/avila-r/ego/env/struct.go:101.36,107.19 3 0
github.com/avila-r/ego/env/struct.go:108.20,109.41 1 0
github.com/avila-r/ego/env/struct.go:109.41,110.10 1 0
github.com/avila-r/ego/env/struct.go:113.4,114.15 2 0
github.com/avila-r/ego/env/struct.go:116.23,117.32 1 0
github.com/avila-r/ego/env/struct.go:117.32,118.13 1 0
github.com/avila-r/ego/env/struct.go:121.4,123.14 3 0
github.com/avila-r/ego/env/struct.go:123.14,124.10 1 0
github.com/avila-r/ego/env/struct.go:127.4,128.18 2 0
github.com/avila-r/ego/env/struct.go:128.18,130.5 1 0
github.com/avila-r/ego/env/struct.go:131.4,131.22 1 0
github.com/avila-r/ego/env/struct.go:134.3,134.18 1 0
github.com/avila-r/ego/env/struct.go:134.18,135.12 1 0
github.com/avila-r/ego/env/struct.go:138.3,139.16 2 0
github.com/avila-r/ego/env/struct.go:139.16,140.12 1 0
github.com/avila-r/ego/env/struct.go:143.3,150.31 6 0
github.com/avila-r/ego/env/struct.go:150.31,151.17 1 0
github.com/avila-r/ego/env/struct.go:151.17,153.5 1 0
github.com/avila-r/ego/env/struct.go:154.4,154.40 1 0
github.com/avila-r/ego/env/struct.go:154.40,157.5 2 0
github.com/avila-r/ego/env/struct.go:158.4,158.15 1 0
github.com/avila-r/ego/env/struct.go:158.15,160.5 1 0
github.com/avila-r/ego/env/struct.go:163.3,163.29 1 0
github.com/avila-r/ego/env/struct.go:163.29,164.81 1 0
github.com/avila-r/ego/env/struct.go:166.3,166.28 1 0
github.com/avila-r/ego/env/struct.go:166.28,168.4 1 0
github.com/avila-r/ego/env/struct.go:169.3,169.16 1 0
github.com/avila-r/ego/env/struct.go:169.16,171.4 1 0
github.com/avila-r/ego/env/struct.go:172.3,172.16 1 0
github.com/avila-r/ego/env/struct.go:172.16,173.12 1 0
github.com/avila-r/ego/env/struct.go:176.3,180.23 4 0
github.com/avila-r/ego/env/struct.go:180.23,181.46 1 0
github.com/avila-r/ego/env/struct.go:181.46,183.5 1 0
github.com/avila-r/ego/env/struct.go:184.9,184.35 1 0
github.com/avila-r/ego/env/struct.go:184.35,185.65 1 0
github.com/avila-r/ego/env/struct.go:185.65,187.5 1 0
github.com/avila-r/ego/env/struct.go:188.9,188.39 1 0
github.com/avila-r/ego/env/struct.go:188.39,190.4 1 0
github.com/avila-r/ego/env/struct.go:190.9,191.65 1 0
github.com/avila-r/ego/env/struct.go:191.65,193.5 1 0
github.com/avila-r/ego/env/struct.go:197.2,197.27 1 0
github.com/avila-r/ego/env/struct.go:200.48,204.26 3 0
github.com/avila-r/ego/env/struct.go:204.26,205.14 1 0
github.com/avila-r/ego/env/struct.go:205.14,207.4 1 0
github.com/avila-r/ego/env/struct.go:210.2,212.21 3 0
github.com/avila-r/ego/env/struct.go:212.21,213.36 1 0
github.com/avila-r/ego/env/struct.go:213.36,216.4 2 0
github.com/avila-r/ego/env/struct.go:219.2,219.14 1 0
github.com/avila-r/ego/env/struct.go:222.62,223.18 1 0
github.com/avila-r/ego/env/struct.go:224.20,226.17 2 0
github.com/avila-r/ego/env/struct.go:226.17,228.4 1 0
github.com/avila-r/ego/env/struct.go:229.3,229.15 1 0
github.com/avila-r/ego/env/struct.go:231.40,234.17 3 0
github.com/avila-r/ego/env/struct.go:234.17,236.4 1 0
github.com/avila-r/ego/env/struct.go:237.3,237.16 1 0
github.com/avila-r/ego/env/struct.go:239.78,240.69 1 0
github.com/avila-r/ego/env/struct.go:240.69,242.18 2 0
github.com/avila-r/ego/env/struct.go:242.18,244.5 1 0
github.com/avila-r/ego/env/struct.go:245.4,245.22 1 0
github.com/avila-r/ego/env/struct.go:246.9,249.18 3 0
github.com/avila-r/ego/env/struct.go:249.18,251.5 1 0
github.com/avila-r/ego/env/struct.go:252.4,252.15 1 0
github.com/avila-r/ego/env/struct.go:254.83,257.17 3 0
github.com/avila-r/ego/env/struct.go:257.17,259.4 1 0
github.com/avila-r/ego/env/struct.go:260.3,260.15 1 0
github.com/avila-r/ego/env/struct.go:262.22,263.19 1 0
github.com/avila-r/ego/env/struct.go:265.19,266.104 1 0
github.com/avila-r/ego/env/struct.go:266.104,268.18 2 0
github.com/avila-r/ego/env/struct.go:268.18,270.5 1 0
github.com/avila-r/ego/env/struct.go:271.4,271.29 1 0
github.com/avila-r/ego/env/struct.go:274.2,274.12 1 0
github.com/avila-r/ego/env/struct.go:279.38,281.16 2 0
github.com/avila-r/ego/env/struct.go:281.16,283.3 1 0
github.com/avila-r/ego/env/struct.go:288.29,290.16 2 0
github.com/avila-r/ego/env/struct.go:290.16,292.3 1 0
github.com/avila-r/ego/env/struct.go:308.46,310.2 1 0
github.com/avila-r/ego/env/struct.go:311.36,313.2 1 0
github.com/avila-r/ego/env/struct.go:314.41,316.2 1 0
github.com/avila-r/ego/env/struct.go:319.48,321.42 2 0
github.com/avila-r/ego/env/struct.go:321.42,323.3 1 0
github.com/avila-r/ego/env/struct.go:325.2,328.32 3 0
github.com/avila-r/ego/env/struct.go:328.32,330.3 1 0
github.com/avila-r/ego/env/struct.go:332.2,333.36 2 0
github.com/avila-r/ego/env/struct.go:333.36,338.30 4 0
github.com/avila-r/ego/env/struct.go:338.30,340.4 1 0
github.com/avila-r/ego/env/struct.go:341.3,341.37 1 0
github.com/avila-r/ego/env/struct.go:341.37,344.31 3 0
github.com/avila-r/ego/env/struct.go:344.31,346.30 2 0
github.com/avila-r/ego/env/struct.go:346.30,349.6 2 0
github.com/avila-r/ego/env/struct.go:353.3,354.16 2 0
github.com/avila-r/ego/env/struct.go:354.16,355.12 1 0
github.com/avila-r/ego/env/struct.go:358.3,366.31 3 0
github.com/avila-r/ego/env/struct.go:366.31,367.40 1 0
github.com/avila-r/ego/env/struct.go:367.40,370.5 2 0
github.com/avila-r/ego/env/struct.go:370.10,370.47 1 0
github.com/avila-r/ego/env/struct.go:370.47,372.5 1 0
github.com/avila-r/ego/env/struct.go:375.3,375.43 1 0
github.com/avila-r/ego/env/struct.go:375.43,377.4 1 0
github.com/avila-r/ego/env/struct.go:377.9,377.62 1 0
github.com/avila-r/ego/env/struct.go:377.62,379.4 1 0
github.com/avila-r/ego/env/struct.go:379.9,380.20 1 0
github.com/avila-r/ego/env/struct.go:381.22,382.44 1 0
github.com/avila-r/ego/env/struct.go:384.42,386.61 2 0
github.com/avila-r/ego/env/struct.go:388.80,389.46 1 0
github.com/avila-r/ego/env/struct.go:391.85,392.48 1 0
github.com/avila-r/ego/env/struct.go:394.24,395.26 1 0
github.com/avila-r/ego/env/struct.go:397.23,398.48 1 0
github.com/avila-r/ego/env/struct.go:400.12,402.33 1 0
github.com/avila-r/ego/env/struct.go:406.3,406.24 1 0
github.com/avila-r/ego/env/struct.go:410.2,410.19 1 0
github.com/avila-r/ego/env/struct.go:410.19,412.3 1 0
github.com/avila-r/ego/env/struct.go:414.2,416.17 2 0
github.com/avila-r/ego/slice/slice.go:11.33,13.2 1 8
github.com/avila-r/ego/slice/slice.go:15.34,16.19 1 5
github.com/avila-r/ego/slice/slice.go:16.19,18.3 1 2
github.com/avila-r/ego/slice/slice.go:20.2,20.14 1 3
github.com/avila-r/ego/slice/slice.go:23.36,25.2 1 1
github.com/avila-r/ego/slice/slice.go:27.33,29.2 1 1
github.com/avila-r/ego/slice/slice.go:31.40,33.2 1 4
github.com/avila-r/ego/slice/slice.go:35.34,37.2 1 4
github.com/avila-r/ego/slice/slice.go:39.63,42.27 2 8
github.com/avila-r/ego/slice/slice.go:42.27,43.16 1 36
github.com/avila-r/ego/slice/slice.go:43.16,45.4 1 18
github.com/avila-r/ego/slice/slice.go:48.2,48.15 1 8
github.com/avila-r/ego/slice/slice.go:51.33,53.2 1 11
github.com/avila-r/ego/slice/slice.go:55.47,57.2 1 3
github.com/avila-r/ego/slice/slice.go:59.46,60.16 1 3
github.com/avila-r/ego/slice/slice.go:60.16,62.3 1 1
github.com/avila-r/ego/slice/slice.go:64.2,66.23 2 2
github.com/avila-r/ego/slice/slice.go:69.29,71.2 1 4
github.com/avila-r/ego/slice/slice.go:73.31,75.2 1 5
github.com/avila-r/ego/slice/slice.go:77.51,79.2 1 1
github.com/avila-r/ego/slice/slice.go:81.39,82.22 1 3
github.com/avila-r/ego/slice/slice.go:82.22,84.3 1 8
github.com/avila-r/ego/slice/slice.go:87.53,89.22 2 9
github.com/avila-r/ego/slice/slice.go:89.22,91.3 1 31
github.com/avila-r/ego/slice/slice.go:92.2,92.15 1 9
github.com/avila-r/ego/slice/slice.go:95.69,97.22 2 7
github.com/avila-r/ego/slice/slice.go:97.22,99.3 1 25
github.com/avila-r/ego/slice/slice.go:100.2,100.12 1 7
github.com/avila-r/ego/slice/slice.go:103.50,105.2 1 5
github.com/avila-r/ego/slice/slice.go:107.48,108.22 1 6
github.com/avila-r/ego/slice/slice.go:108.22,109.17 1 16
github.com/avila-r/ego/slice/slice.go:109.17,111.4 1 4
github.com/avila-r/ego/slice/slice.go:113.2,113.11 1 2
github.com/avila-r/ego/slice/slice.go:116.33,118.22 2 8
github.com/avila-r/ego/slice/slice.go:118.22,120.3 1 25
github.com/avila-r/ego/slice/slice.go:121.2,121.15 1 8
github.com/avila-r/ego/slice/slice.go:124.30,128.2 3 31
github.com/avila-r/ego/slice/slice.go:130.38,133.22 3 6
github.com/avila-r/ego/slice/slice.go:133.22,134.28 1 25
github.com/avila-r/ego/slice/slice.go:134.28,137.4 2 17
github.com/avila-r/ego/slice/slice.go:139.2,139.15 1 6
github.com/avila-r/ego/slice/slice.go:142.49,144.2 1 5
github.com/avila-r/ego/slice/slice.go:146.53,150.2 3 5
github.com/avila-r/ego/slice/slice.go:152.60,154.2 1 8
github.com/avila-r/ego/slice/slice.go:156.64,160.2 3 4
github.com/avila-r/ego/slice/slice.go:162.27,164.2 1 3
github.com/avila-r/ego/httpx/body.go:10.23,15.2 1 0
github.com/avila-r/ego/httpx/body.go:17.47,21.16 3 0
github.com/avila-r/ego/httpx/body.go:21.16,23.3 1 0
github.com/avila-r/ego/httpx/body.go:25.2,25.32 1 0
github.com/avila-r/ego/httpx/body.go:28.30,30.2 1 0
github.com/avila-r/ego/httpx/body.go:32.30,34.2 1 0
github.com/avila-r/ego/httpx/get.go:5.31,9.16 3 0
github.com/avila-r/ego/httpx/get.go:9.16,11.3 1 0
github.com/avila-r/ego/httpx/get.go:13.2,27.17 5 0
github.com/avila-r/ego/httpx/header.go:15.62,17.2 1 0
github.com/avila-r/ego/httpx/header.go:19.58,21.2 1 0
github.com/avila-r/ego/httpx/header.go:23.42,25.2 1 0
github.com/avila-r/ego/httpx/protocol.go:15.33,17.2 1 0
github.com/avila-r/ego/httpx/protocol.go:19.31,21.2 1 0
github.com/avila-r/ego/httpx/protocol.go:23.31,25.2 1 0
github.com/avila-r/ego/httpx/request.go:22.37,27.2 1 0
github.com/avila-r/ego/httpx/request.go:29.37,34.2 1 0
github.com/avila-r/ego/httpx/request.go:36.75,39.2 2 0
github.com/avila-r/ego/httpx/request.go:41.50,43.16 2 0
github.com/avila-r/ego/httpx/request.go:43.16,45.3 1 0
github.com/avila-r/ego/httpx/request.go:47.2,48.62 2 0
github.com/avila-r/ego/httpx/request.go:48.62,50.3 1 0
github.com/avila-r/ego/httpx/request.go:52.2,54.24 2 0
github.com/avila-r/ego/httpx/response.go:16.36,18.2 1 0
github.com/avila-r/ego/httpx/response.go:20.36,22.2 1 0
github.com/avila-r/ego/httpx/response.go:24.32,26.2 1 0
github.com/avila-r/ego/httpx/response.go:28.34,30.2 1 0
github.com/avila-r/ego/httpx/response.go:32.37,34.2 1 0
github.com/avila-r/ego/httpx/response.go:36.41,38.2 1 0
github.com/avila-r/ego/httpx/status.go:142.34,143.39 1 0
github.com/avila-r/ego/httpx/status.go:143.39,145.3 1 0
github.com/avila-r/ego/httpx/status.go:146.2,146.12 1 0
github.com/avila-r/ego/httpx/status.go:149.31,151.2 1 0
github.com/avila-r/ego/httpx/status.go:153.31,155.2 1 0
github.com/avila-r/ego/httpx/status.go:157.31,159.2 1 0
github.com/avila-r/ego/httpx/status.go:161.31,163.2 1 0
github.com/avila-r/ego/httpx/status.go:165.31,167.2 1 0
github.com/avila-r/ego/httpx/status.go:169.31,171.2 1 0
github.com/avila-r/ego/httpx/status.go:173.35,175.2 1 0
github.com/avila-r/ego/iterator/iterator.go:47.43,52.2 1 58
github.com/avila-r/ego/iterator/iterator.go:54.65,59.2 1 3
github.com/avila-r/ego/iterator/iterator.go:62.44,64.2 1 361
github.com/avila-r/ego/iterator/iterator.go:67.38,68.19 1 157
github.com/avila-r/ego/iterator/iterator.go:68.19,70.3 1 2
github.com/avila-r/ego/iterator/iterator.go:71.2,73.16 3 155
github.com/avila-r/ego/iterator/iterator.go:77.38,78.19 1 11
github.com/avila-r/ego/iterator/iterator.go:78.19,80.3 1 1
github.com/avila-r/ego/iterator/iterator.go:81.2,81.30 1 10
github.com/avila-r/ego/iterator/iterator.go:85.37,87.2 1 6
github.com/avila-r/ego/iterator/iterator.go:90.45,92.2 1 6
github.com/avila-r/ego/iterator/iterator.go:95.43,99.2 3 5
github.com/avila-r/ego/iterator/iterator.go:102.53,103.19 1 5
github.com/avila-r/ego/iterator/iterator.go:103.19,105.3 1 15
github.com/avila-r/ego/iterator/iterator.go:109.72,111.19 2 6
github.com/avila-r/ego/iterator/iterator.go:111.19,113.22 2 32
github.com/avila-r/ego/iterator/iterator.go:113.22,115.4 1 15
github.com/avila-r/ego/iterator/iterator.go:117.2,117.24 1 6
github.com/avila-r/ego/iterator/iterator.go:121.73,123.19 2 7
github.com/avila-r/ego/iterator/iterator.go:123.19,125.3 1 22
github.com/avila-r/ego/iterator/iterator.go:126.2,126.22 1 7
github.com/avila-r/ego/list/array_list.go:17.59,21.2 1 9
github.com/avila-r/ego/list/array_list.go:23.51,27.2 1 34
github.com/avila-r/ego/list/array_list.go:29.40,31.2 1 46
github.com/avila-r/ego/list/array_list.go:33.49,35.43 2 5
github.com/avila-r/ego/list/array_list.go:35.43,37.3 1 2
github.com/avila-r/ego/list/array_list.go:38.2,38.32 1 3
github.com/avila-r/ego/list/array_list.go:41.53,42.43 1 4
github.com/avila-r/ego/list/array_list.go:42.43,44.3 1 1
github.com/avila-r/ego/list/array_list.go:45.2,46.13 2 3
github.com/avila-r/ego/list/array_list.go:49.47,50.43 1 5
github.com/avila-r/ego/list/array_list.go:50.43,52.3 1 2
github.com/avila-r/ego/list/array_list.go:53.2,54.13 2 3
github.com/avila-r/ego/list/array_list.go:57.47,59.2 1 6
github.com/avila-r/ego/list/array_list.go:61.35,63.2 1 3
github.com/avila-r/ego/list/array_list.go:65.39,67.2 1 3
github.com/avila-r/ego/list/array_list.go:69.32,71.2 1 1
github.com/avila-r/ego/list/array_list.go:73.36,75.2 1 14
github.com/avila-r/ego/list/array_list.go:77.39,79.2 1 12
github.com/avila-r/ego/list/array_list.go:81.50,83.2 1 3
github.com/avila-r/ego/list/array_list.go:85.48,86.34 1 3
github.com/avila-r/ego/list/array_list.go:86.34,88.3 1 4
github.com/avila-r/ego/list/array_list.go:91.56,93.2 1 3
github.com/avila-r/ego/list/constructs.go:7.45,9.2 1 6
github.com/avila-r/ego/list/constructs.go:11.47,13.2 1 3
github.com/avila-r/ego/list/constructs.go:15.57,19.2 3 3
github.com/avila-r/ego/maps/hash_map.go:16.55,20.2 1 43
github.com/avila-r/ego/maps/hash_map.go:22.57,24.2 1 41
github.com/avila-r/ego/maps/hash_map.go:26.46,29.2 2 4
github.com/avila-r/ego/maps/hash_map.go:31.45,33.2 1 58
github.com/avila-r/ego/maps/hash_map.go:35.58,36.43 1 3
github.com/avila-r/ego/maps/hash_map.go:36.43,39.3 2 2
github.com/avila-r/ego/maps/hash_map.go:40.2,40.14 1 1
github.com/avila-r/ego/maps/hash_map.go:43.39,45.2 1 3
github.com/avila-r/ego/maps/hash_map.go:47.33,49.2 1 1
github.com/avila-r/ego/maps/hash_map.go:51.35,53.2 1 15
github.com/avila-r/ego/maps/hash_map.go:55.40,57.2 1 4
github.com/avila-r/ego/maps/hash_map.go:59.49,62.2 2 10
github.com/avila-r/ego/maps/hash_map.go:64.53,65.31 1 3
github.com/avila-r/ego/maps/hash_map.go:65.31,66.34 1 3
github.com/avila-r/ego/maps/hash_map.go:66.34,68.4 1 1
github.com/avila-r/ego/maps/hash_map.go:70.2,70.14 1 2
github.com/avila-r/ego/maps/hash_map.go:73.80,75.31 2 1
github.com/avila-r/ego/maps/hash_map.go:75.31,76.22 1 3
github.com/avila-r/ego/maps/hash_map.go:76.22,78.4 1 2
github.com/avila-r/ego/maps/hash_map.go:80.2,80.17 1 1
github.com/avila-r/ego/maps/hash_map.go:83.54,85.31 2 1
github.com/avila-r/ego/maps/hash_map.go:85.31,87.3 1 2
github.com/avila-r/ego/maps/hash_map.go:88.2,88.15 1 1
github.com/avila-r/ego/maps/hash_map.go:91.60,93.31 2 5
github.com/avila-r/ego/maps/hash_map.go:93.31,95.3 1 10
github.com/avila-r/ego/maps/hash_map.go:96.2,96.16 1 5
github.com/avila-r/ego/maps/hash_map.go:99.40,101.28 2 2
github.com/avila-r/ego/maps/hash_map.go:101.28,103.3 1 4
github.com/avila-r/ego/maps/hash_map.go:104.2,104.13 1 2
github.com/avila-r/ego/maps/hash_map.go:107.42,109.31 2 2
github.com/avila-r/ego/maps/hash_map.go:109.31,111.3 1 4
github.com/avila-r/ego/maps/hash_map.go:112.2,112.15 1 2
github.com/avila-r/ego/maps/hash_map.go:115.57,117.2 1 1
github.com/avila-r/ego/maps/hash_map.go:119.59,121.2 1 1
github.com/avila-r/ego/maps/hash_map.go:123.44,125.2 1 14
github.com/avila-r/ego/maps/hash_map.go:127.81,129.2 1 1
github.com/avila-r/ego/maps/hash_map.go:131.78,133.2 1 1
github.com/avila-r/ego/maps/linked_hash_map.go:26.67,33.2 1 48
github.com/avila-r/ego/maps/linked_hash_map.go:35.69,37.2 1 46
github.com/avila-r/ego/maps/linked_hash_map.go:39.52,40.45 1 4
github.com/avila-r/ego/maps/linked_hash_map.go:40.45,42.3 1 2
github.com/avila-r/ego/maps/linked_hash_map.go:43.2,44.20 2 2
github.com/avila-r/ego/maps/linked_hash_map.go:47.51,48.45 1 91
github.com/avila-r/ego/maps/linked_hash_map.go:48.45,52.3 2 3
github.com/avila-r/ego/maps/linked_hash_map.go:55.2,63.19 3 88
github.com/avila-r/ego/maps/linked_hash_map.go:63.19,66.3 2 40
github.com/avila-r/ego/maps/linked_hash_map.go:66.8,70.3 3 48
github.com/avila-r/ego/maps/linked_hash_map.go:72.2,72.10 1 88
github.com/avila-r/ego/maps/linked_hash_map.go:75.64,76.42 1 3
github.com/avila-r/ego/maps/linked_hash_map.go:76.42,78.3 1 1
github.com/avila-r/ego/maps/linked_hash_map.go:79.2,80.13 2 2
github.com/avila-r/ego/maps/linked_hash_map.go:83.45,85.13 2 5
github.com/avila-r/ego/maps/linked_hash_map.go:85.13,87.3 1 2
github.com/avila-r/ego/maps/linked_hash_map.go:90.2,90.22 1 3
github.com/avila-r/ego/maps/linked_hash_map.go:90.22,92.3 1 2
github.com/avila-r/ego/maps/linked_hash_map.go:92.8,94.3 1 1
github.com/avila-r/ego/maps/linked_hash_map.go:96.2,96.22 1 3
github.com/avila-r/ego/maps/linked_hash_map.go:96.22,98.3 1 2
github.com/avila-r/ego/maps/linked_hash_map.go:98.8,100.3 1 1
github.com/avila-r/ego/maps/linked_hash_map.go:102.2,103.10 2 3
github.com/avila-r/ego/maps/linked_hash_map.go:106.39,111.2 4 1
github.com/avila-r/ego/maps/linked_hash_map.go:113.41,115.2 1 13
github.com/avila-r/ego/maps/linked_hash_map.go:117.46,119.2 1 4
github.com/avila-r/ego/maps/linked_hash_map.go:121.55,124.2 2 10
github.com/avila-r/ego/maps/linked_hash_map.go:126.59,128.21 2 3
github.com/avila-r/ego/maps/linked_hash_map.go:128.21,129.46 1 2
github.com/avila-r/ego/maps/linked_hash_map.go:129.46,131.4 1 1
github.com/avila-r/ego/maps/linked_hash_map.go:132.3,132.25 1 1
github.com/avila-r/ego/maps/linked_hash_map.go:134.2,134.14 1 2
github.com/avila-r/ego/maps/linked_hash_map.go:137.86,140.21 3 1
github.com/avila-r/ego/maps/linked_hash_map.go:140.21,141.44 1 3
github.com/avila-r/ego/maps/linked_hash_map.go:141.44,143.4 1 2
github.com/avila-r/ego/maps/linked_hash_map.go:144.3,144.25 1 3
github.com/avila-r/ego/maps/linked_hash_map.go:146.2,146.17 1 1
github.com/avila-r/ego/maps/linked_hash_map.go:149.60,152.21 3 1
github.com/avila-r/ego/maps/linked_hash_map.go:152.21,155.3 2 3
github.com/avila-r/ego/maps/linked_hash_map.go:156.2,156.15 1 1
github.com/avila-r/ego/maps/linked_hash_map.go:159.66,162.21 3 28
github.com/avila-r/ego/maps/linked_hash_map.go:162.21,168.3 2 55
github.com/avila-r/ego/maps/linked_hash_map.go:169.2,169.16 1 28
github.com/avila-r/ego/maps/linked_hash_map.go:172.46,175.21 3 2
github.com/avila-r/ego/maps/linked_hash_map.go:175.21,178.3 2 5
github.com/avila-r/ego/maps/linked_hash_map.go:179.2,179.13 1 2
github.com/avila-r/ego/maps/linked_hash_map.go:182.48,185.21 3 2
github.com/avila-r/ego/maps/linked_hash_map.go:185.21,188.3 2 5
github.com/avila-r/ego/maps/linked_hash_map.go:189.2,189.15 1 2
github.com/avila-r/ego/maps/linked_hash_map.go:192.63,194.2 1 1
github.com/avila-r/ego/maps/linked_hash_map.go:196.65,198.2 1 1
github.com/avila-r/ego/maps/linked_hash_map.go:200.50,203.21 3 1
github.com/avila-r/ego/maps/linked_hash_map.go:203.21,206.3 2 3
github.com/avila-r/ego/maps/linked_hash_map.go:207.2,207.15 1 1
github.com/avila-r/ego/maps/linked_hash_map.go:210.87,212.2 1 2
github.com/avila-r/ego/maps/linked_hash_map.go:214.84,216.2 1 1
github.com/avila-r/ego/maps/maps.go:15.59,17.2 1 5
github.com/avila-r/ego/maps/maps.go:20.124,22.2 1 4
github.com/avila-r/ego/maps/maps.go:25.57,27.2 1 15
github.com/avila-r/ego/maps/maps.go:30.81,32.2 1 1
github.com/avila-r/ego/maps/maps.go:35.80,37.2 1 3
github.com/avila-r/ego/maps/maps.go:40.98,42.22 2 2
github.com/avila-r/ego/maps/maps.go:42.22,44.3 1 4
github.com/avila-r/ego/maps/maps.go:45.2,45.10 1 2
github.com/avila-r/ego/maps/maps.go:49.74,51.19 2 1
github.com/avila-r/ego/maps/maps.go:51.19,53.3 1 2
github.com/avila-r/ego/maps/maps.go:54.2,54.10 1 1
github.com/avila-r/ego/maps/maps.go:58.76,60.22 2 1
github.com/avila-r/ego/maps/maps.go:60.22,62.3 1 2
github.com/avila-r/ego/maps/maps.go:63.2,63.10 1 1
github.com/avila-r/ego/maps/maps.go:67.91,69.2 1 1
github.com/avila-r/ego/maps/maps.go:71.66,73.22 2 1
github.com/avila-r/ego/maps/maps.go:73.22,75.3 1 2
github.com/avila-r/ego/maps/maps.go:76.2,76.13 1 1
github.com/avila-r/ego/maps/maps.go:79.121,81.22 2 2
github.com/avila-r/ego/maps/maps.go:81.22,83.3 1 4
github.com/avila-r/ego/maps/maps.go:85.2,85.62 1 2
github.com/avila-r/ego/maps/maps.go:85.62,87.3 1 2
github.com/avila-r/ego/maps/maps.go:89.2,89.29 1 2
github.com/avila-r/ego/maps/maps.go:92.54,94.2 1 11
github.com/avila-r/ego/maps/maps.go:96.56,98.2 1 2
github.com/avila-r/ego/maps/maps.go:100.86,102.32 2 6
github.com/avila-r/ego/maps/maps.go:102.32,104.3 1 10
github.com/avila-r/ego/maps/maps.go:105.2,105.10 1 6
github.com/avila-r/ego/maps/maps.go:108.60,110.2 1 10
github.com/avila-r/ego/maps/maps.go:112.62,114.2 1 1
github.com/avila-r/ego/maps/maps.go:116.92,118.32 2 8
github.com/avila-r/ego/maps/maps.go:118.32,120.3 1 15
github.com/avila-r/ego/maps/maps.go:121.2,121.10 1 8
github.com/avila-r/ego/stream/collector.go:20.69,22.2 1 0
github.com/avila-r/ego/stream/collector.go:24.77,26.2 1 0
github.com/avila-r/ego/stream/collector.go:28.75,30.2 1 0
github.com/avila-r/ego/stream/collector.go:32.72,34.2 1 0
github.com/avila-r/ego/stream/collector.go:41.22,48.2 1 0
github.com/avila-r/ego/stream/stream.go:14.48,16.2 1 0
github.com/avila-r/ego/stream/stream.go:18.63,20.2 1 0
github.com/avila-r/ego/stream/stream.go:22.38,24.2 1 0
github.com/avila-r/ego/stream/stream.go:26.51,27.18 1 0
github.com/avila-r/ego/stream/stream.go:27.18,29.3 1 0
github.com/avila-r/ego/stream/stream.go:30.2,30.19 1 0
github.com/avila-r/ego/stream/stream.go:33.70,35.37 2 0
github.com/avila-r/ego/stream/stream.go:35.37,36.30 1 0
github.com/avila-r/ego/stream/stream.go:36.30,38.4 1 0
github.com/avila-r/ego/stream/stream.go:40.2,40.41 1 0
github.com/avila-r/ego/stream/stream.go:43.93,45.37 2 0
github.com/avila-r/ego/stream/stream.go:45.37,48.3 2 0
github.com/avila-r/ego/stream/stream.go:49.2,49.41 1 0
github.com/avila-r/ego/stream/stream.go:52.105,54.37 2 0
github.com/avila-r/ego/stream/stream.go:54.37,57.3 2 0
github.com/avila-r/ego/stream/stream.go:58.2,58.41 1 0
github.com/avila-r/ego/stream/stream.go:61.119,62.61 1 0
github.com/avila-r/ego/stream/stream.go:62.61,64.49 2 0
github.com/avila-r/ego/stream/stream.go:64.49,66.4 1 0
github.com/avila-r/ego/stream/stream.go:67.3,68.42 2 0
github.com/avila-r/ego/stream/stream.go:72.41,75.37 3 0
github.com/avila-r/ego/stream/stream.go:75.37,76.40 1 0
github.com/avila-r/ego/stream/stream.go:76.40,79.4 2 0
github.com/avila-r/ego/stream/stream.go:81.2,81.41 1 0
github.com/avila-r/ego/stream/stream.go:84.37,87.41 2 0
github.com/avila-r/ego/stream/stream.go:87.41,88.44 1 0
github.com/avila-r/ego/stream/stream.go:88.44,89.57 1 0
github.com/avila-r/ego/stream/stream.go:89.57,91.5 1 0
github.com/avila-r/ego/stream/stream.go:95.2,95.40 1 0
github.com/avila-r/ego/stream/stream.go:98.72,99.45 1 0
github.com/avila-r/ego/stream/stream.go:99.45,101.3 1 0
github.com/avila-r/ego/stream/stream.go:103.2,103.40 1 0
github.com/avila-r/ego/stream/stream.go:106.66,107.37 1 0
github.com/avila-r/ego/stream/stream.go:107.37,109.3 1 0
github.com/avila-r/ego/stream/stream.go:110.2,110.10 1 0
github.com/avila-r/ego/stream/stream.go:113.48,114.31 1 0
github.com/avila-r/ego/stream/stream.go:114.31,116.3 1 0
github.com/avila-r/ego/stream/stream.go:117.2,117.49 1 0
github.com/avila-r/ego/stream/stream.go:120.49,121.33 1 0
github.com/avila-r/ego/stream/stream.go:121.33,123.3 1 0
github.com/avila-r/ego/stream/stream.go:124.2,124.51 1 0
github.com/avila-r/ego/stream/stream.go:127.73,129.37 2 0
github.com/avila-r/ego/stream/stream.go:129.37,130.31 1 0
github.com/avila-r/ego/stream/stream.go:130.31,131.9 1 0
github.com/avila-r/ego/stream/stream.go:133.3,133.45 1 0
github.com/avila-r/ego/stream/stream.go:135.2,135.41 1 0
github.com/avila-r/ego/stream/stream.go:138.73,141.37 3 0
github.com/avila-r/ego/stream/stream.go:141.37,142.42 1 0
github.com/avila-r/ego/stream/stream.go:142.42,143.12 1 0
github.com/avila-r/ego/stream/stream.go:145.3,146.45 2 0
github.com/avila-r/ego/stream/stream.go:148.2,148.41 1 0
github.com/avila-r/ego/stream/stream.go:151.59,152.37 1 0
github.com/avila-r/ego/stream/stream.go:152.37,154.3 1 0
github.com/avila-r/ego/stream/stream.go:157.66,159.2 1 0
github.com/avila-r/ego/stream/stream.go:161.34,165.2 3 0
github.com/avila-r/ego/stream/stream.go:167.93,169.37 2 0
github.com/avila-r/ego/stream/stream.go:169.37,171.3 1 0
github.com/avila-r/ego/stream/stream.go:172.2,172.15 1 0
github.com/avila-r/ego/stream/stream.go:175.88,176.26 1 0
github.com/avila-r/ego/stream/stream.go:176.26,179.3 2 0
github.com/avila-r/ego/stream/stream.go:180.2,181.41 2 0
github.com/avila-r/ego/stream/stream.go:181.41,183.3 1 0
github.com/avila-r/ego/stream/stream.go:184.2,184.28 1 0
github.com/avila-r/ego/stream/stream.go:187.94,189.37 2 0
github.com/avila-r/ego/stream/stream.go:189.37,191.3 1 0
github.com/avila-r/ego/stream/stream.go:192.2,192.15 1 0
github.com/avila-r/ego/stream/stream.go:206.80,208.2 1 0
github.com/avila-r/ego/stream/stream.go:210.80,212.2 1 0
github.com/avila-r/ego/stream/stream.go:214.109,215.26 1 0
github.com/avila-r/ego/stream/stream.go:215.26,218.3 2 0
github.com/avila-r/ego/stream/stream.go:219.2,220.35 2 0
github.com/avila-r/ego/stream/stream.go:220.35,222.68 2 0
github.com/avila-r/ego/stream/stream.go:222.68,224.4 1 0
github.com/avila-r/ego/stream/stream.go:226.2,226.23 1 0
github.com/avila-r/ego/stream/stream.go:229.34,231.2 1 0
github.com/avila-r/ego/stream/stream.go:233.67,234.31 1 0
github.com/avila-r/ego/stream/stream.go:234.31,235.24 1 0
github.com/avila-r/ego/stream/stream.go:235.24,237.4 1 0
github.com/avila-r/ego/stream/stream.go:239.2,239.14 1 0
github.com/avila-r/ego/stream/stream.go:242.67,243.31 1 0
github.com/avila-r/ego/stream/stream.go:243.31,244.25 1 0
github.com/avila-r/ego/stream/stream.go:244.25,246.4 1 0
github.com/avila-r/ego/stream/stream.go:248.2,248.13 1 0
github.com/avila-r/ego/stream/stream.go:251.68,252.31 1 0
github.com/avila-r/ego/stream/stream.go:252.31,253.24 1 0
github.com/avila-r/ego/stream/stream.go:253.24,255.4 1 0
github.com/avila-r/ego/stream/stream.go:257.2,257.13 1 0
github.com/avila-r/ego/stream/stream.go:260.53,261.26 1 0
github.com/avila-r/ego/stream/stream.go:261.26,264.3 2 0
github.com/avila-r/ego/stream/stream.go:265.2,265.35 1 0
github.com/avila-r/ego/stream/stream.go:268.51,270.2 1 0
github.com/avila-r/ego/stream/stream.go:272.53,277.2 4 0
github.com/avila-r/ego/stream/stream.go:279.81,281.29 2 0
github.com/avila-r/ego/stream/stream.go:281.29,283.3 1 0
github.com/avila-r/ego/stream/stream.go:284.2,284.38 1 0
github.com/avila-r/ego/stream/stream.go:287.86,290.29 3 0
github.com/avila-r/ego/stream/stream.go:290.29,293.3 2 0
github.com/avila-r/ego/stream/stream.go:294.2,294.38 1 0
github.com/avila-r/ego/stream/stream.go:301.13,304.28 3 0
github.com/avila-r/ego/stream/stream.go:304.28,307.3 2 0
github.com/avila-r/ego/stream/stream.go:308.2,308.38 1 0
